<?xml version="1.0" encoding="UTF-8"?>
<!-- Generated by org.testng.reporters.JUnitXMLReporter -->
<testsuite ignored="0" hostname="DESKTOP-KGUM230" failures="0" tests="4" name="Test" time="55.552" errors="0" timestamp="2023-01-05T12:53:56 IST">
  <testcase classname="com.SauceDemo.TestPackage.TC01Verify_Login_Functionality" name="VerifyLoginFunctionality" time="0.2"/>
  <testcase classname="com.SauceDemo.TestPackage.TC03Verify_Singlebag_product_add_to_cart" name="Verify_bag_product_add_to_cart" time="0.474"/>
  <testcase classname="com.SauceDemo.TestPackage.TC04Verify_AllProduct_AddToCart_Functionality" name="addtocartallproductfunctionality" time="4.167"/>
  <testcase classname="com.SauceDemo.TestPackage.TC02Verify_Logout_Functionality" name="VerifyLogOutFunctionality" time="0.541"/>
</testsuite> <!-- Test -->
